\BOOKMARK [1][-]{section*.1}{\376\377\144\130\211\201}{}% 1
\BOOKMARK [1][-]{section.1}{\376\377\137\025\212\000}{}% 2
\BOOKMARK [1][-]{section.2}{\376\377\145\160\143\156\136\223\142\200\147\057}{}% 3
\BOOKMARK [2][-]{subsection.2.1}{\376\377\145\160\143\156\136\223}{section.2}% 4
\BOOKMARK [2][-]{subsection.2.2}{\376\377\145\160\143\156\136\223\173\241\164\006\174\373\176\337\122\006\174\173}{section.2}% 5
\BOOKMARK [3][-]{subsubsection.2.2.1}{\376\377\121\163\174\373\145\160\143\156\136\223}{subsection.2.2}% 6
\BOOKMARK [3][-]{subsubsection.2.2.2}{\376\377\227\136\121\163\174\373\127\213\145\160\143\156\136\223\000\040\000N\000o\000S\000Q\000L}{subsection.2.2}% 7
\BOOKMARK [3][-]{subsubsection.2.2.3}{\376\377\122\006\136\003\137\017\145\160\143\156\136\223}{subsection.2.2}% 8
\BOOKMARK [3][-]{subsubsection.2.2.4}{\376\377\116\221\145\160\143\156\136\223}{subsection.2.2}% 9
\BOOKMARK [3][-]{subsubsection.2.2.5}{\376\377\201\352\154\273\232\176\232\166\145\160\143\156\136\223}{subsection.2.2}% 10
\BOOKMARK [2][-]{subsection.2.3}{\376\377\131\047\145\160\143\156\145\366\116\343\145\160\143\156\136\223\166\204\123\330\123\026}{section.2}% 11
\BOOKMARK [2][-]{subsection.2.4}{\376\377\145\160\143\156\136\223\166\204\145\260\143\021\142\030}{section.2}% 12
\BOOKMARK [1][-]{section.3}{\376\377\000A\000I\166\204\166\333\116\026}{}% 13
\BOOKMARK [2][-]{subsection.3.1}{\376\377\155\361\136\246\133\146\116\140}{section.3}% 14
\BOOKMARK [2][-]{subsection.3.2}{\376\377\137\072\123\026\133\146\116\140}{section.3}% 15
\BOOKMARK [2][-]{subsection.3.3}{\376\377\127\372\116\216\120\074\121\375\145\160\166\204\155\361\136\246\137\072\123\026\133\146\116\140}{section.3}% 16
\BOOKMARK [3][-]{subsubsection.3.3.1}{\376\377\000Q\000-\000L\000e\000a\000r\000n\000i\000n\000g}{subsection.3.3}% 17
\BOOKMARK [3][-]{subsubsection.3.3.2}{\376\377\155\361\136\246\000Q\177\121\176\334}{subsection.3.3}% 18
\BOOKMARK [2][-]{subsection.3.4}{\376\377\127\372\116\216\173\126\165\145\166\204\155\361\136\246\137\072\123\026\133\146\116\140\040\024\040\024\000D\000D\000P\000G}{section.3}% 19
\BOOKMARK [1][-]{section.4}{\376\377\000A\000I\000+\000D\000B\166\204\145\260\136\224\165\050}{}% 20
\BOOKMARK [2][-]{subsection.4.1}{\376\377\000A\000I\000\040\000M\000e\000e\000t\000s\000\040\000D\000B}{section.4}% 21
\BOOKMARK [2][-]{subsection.4.2}{\376\377\000C\000D\000B\000T\000u\000n\000e}{section.4}% 22
\BOOKMARK [2][-]{subsection.4.3}{\376\377\000H\000u\000n\000t\000e\000r}{section.4}% 23
\BOOKMARK [1][-]{section.5}{\376\377\176\323\213\355}{}% 24
\BOOKMARK [1][-]{section.6}{\376\377\201\364\214\042}{}% 25
